[ 2020-03-10T15:08:40+08:00 ] ::1 ::1 GET /admin/category/sotre.html
[ error ] [0]模板文件不存在:D:\phpstudy_pro\WWW\imooc_o2o\public/../application/admin\view\category\sotre.html[D:\phpstudy_pro\WWW\imooc_o2o\thinkphp\library\think\view\driver\Think.php:80]

---------------------------------------------------------------
[ 2020-03-10T15:09:36+08:00 ] ::1 ::1 GET /admin/category/store.html
[ error ] [8]未定义变量: list[D:\phpstudy_pro\WWW\imooc_o2o\runtime\temp\42e92a04971d5a26bb03706c5965940f.php:81]

---------------------------------------------------------------
[ 2020-03-10T15:15:33+08:00 ] ::1 ::1 GET /admin/category/store.html
[ error ] [8]未定义数组索引: md_name[D:\phpstudy_pro\WWW\imooc_o2o\runtime\temp\42e92a04971d5a26bb03706c5965940f.php:81]

---------------------------------------------------------------
[ 2020-03-10T15:20:43+08:00 ] ::1 ::1 GET /admin/category/store.html
[ error ] [8]未定义变量: img[D:\phpstudy_pro\WWW\imooc_o2o\runtime\temp\42e92a04971d5a26bb03706c5965940f.php:174]

---------------------------------------------------------------
[ 2020-03-10T15:21:30+08:00 ] ::1 ::1 GET /admin/category/store.html
[ error ] [8]未定义变量: list[D:\phpstudy_pro\WWW\imooc_o2o\runtime\temp\42e92a04971d5a26bb03706c5965940f.php:191]

---------------------------------------------------------------
[ 2020-03-10T15:23:36+08:00 ] ::1 ::1 GET /admin/category/store.html
[ error ] [8]未定义变量: item[D:\phpstudy_pro\WWW\imooc_o2o\runtime\temp\42e92a04971d5a26bb03706c5965940f.php:283]

---------------------------------------------------------------
[ 2020-03-10T15:23:52+08:00 ] ::1 ::1 GET /admin/category/store.html
[ error ] [8]未定义变量: _W[D:\phpstudy_pro\WWW\imooc_o2o\runtime\temp\42e92a04971d5a26bb03706c5965940f.php:358]

---------------------------------------------------------------
[ 2020-03-10T15:23:53+08:00 ] ::1 ::1 GET /admin/category/store.html
[ error ] [8]未定义变量: _W[D:\phpstudy_pro\WWW\imooc_o2o\runtime\temp\42e92a04971d5a26bb03706c5965940f.php:358]

---------------------------------------------------------------
[ 2020-03-10T15:24:21+08:00 ] ::1 ::1 GET /admin/category/store.html
[ error ] [8]未定义变量: _W[D:\phpstudy_pro\WWW\imooc_o2o\runtime\temp\42e92a04971d5a26bb03706c5965940f.php:358]

---------------------------------------------------------------
[ 2020-03-10T15:24:22+08:00 ] ::1 ::1 GET /admin/category/store.html
[ error ] [8]未定义变量: _W[D:\phpstudy_pro\WWW\imooc_o2o\runtime\temp\42e92a04971d5a26bb03706c5965940f.php:358]

---------------------------------------------------------------
[ 2020-03-10T15:24:22+08:00 ] ::1 ::1 GET /admin/category/store.html
[ error ] [8]未定义变量: _W[D:\phpstudy_pro\WWW\imooc_o2o\runtime\temp\42e92a04971d5a26bb03706c5965940f.php:358]

---------------------------------------------------------------
[ 2020-03-10T15:28:19+08:00 ] ::1 ::1 GET /admin/category/store.html
[ error ] [8]未定义变量: res[D:\phpstudy_pro\WWW\imooc_o2o\runtime\temp\42e92a04971d5a26bb03706c5965940f.php:176]

---------------------------------------------------------------
[ 2020-03-10T15:28:20+08:00 ] ::1 ::1 GET /admin/category/store.html
[ error ] [8]未定义变量: res[D:\phpstudy_pro\WWW\imooc_o2o\runtime\temp\42e92a04971d5a26bb03706c5965940f.php:176]

---------------------------------------------------------------
[ 2020-03-10T15:29:41+08:00 ] ::1 ::1 GET /admin/category/store.html
[ error ] [8]未定义变量: res[D:\phpstudy_pro\WWW\imooc_o2o\runtime\temp\42e92a04971d5a26bb03706c5965940f.php:176]

---------------------------------------------------------------
[ 2020-03-10T15:29:42+08:00 ] ::1 ::1 GET /admin/category/store.html
[ error ] [8]未定义变量: res[D:\phpstudy_pro\WWW\imooc_o2o\runtime\temp\42e92a04971d5a26bb03706c5965940f.php:176]

---------------------------------------------------------------
[ 2020-03-10T15:29:42+08:00 ] ::1 ::1 GET /admin/category/store.html
[ error ] [8]未定义变量: res[D:\phpstudy_pro\WWW\imooc_o2o\runtime\temp\42e92a04971d5a26bb03706c5965940f.php:176]

---------------------------------------------------------------
[ 2020-03-10T15:30:18+08:00 ] ::1 ::1 GET /admin/category/store.html
[ error ] [8]未定义变量: _W[D:\phpstudy_pro\WWW\imooc_o2o\runtime\temp\42e92a04971d5a26bb03706c5965940f.php:187]

---------------------------------------------------------------
[ 2020-03-10T15:30:18+08:00 ] ::1 ::1 GET /admin/category/store.html
[ error ] [8]未定义变量: _W[D:\phpstudy_pro\WWW\imooc_o2o\runtime\temp\42e92a04971d5a26bb03706c5965940f.php:187]

---------------------------------------------------------------
[ 2020-03-10T15:30:59+08:00 ] ::1 ::1 GET /admin/category/store.html
[ error ] [0]语法解析错误: syntax error, unexpected 'else' (T_ELSE), expecting end of file[D:\phpstudy_pro\WWW\imooc_o2o\runtime\temp\42e92a04971d5a26bb03706c5965940f.php:187]

---------------------------------------------------------------
[ 2020-03-10T15:31:00+08:00 ] ::1 ::1 GET /admin/category/store.html
[ error ] [0]语法解析错误: syntax error, unexpected 'else' (T_ELSE), expecting end of file[D:\phpstudy_pro\WWW\imooc_o2o\runtime\temp\42e92a04971d5a26bb03706c5965940f.php:187]

---------------------------------------------------------------
[ 2020-03-10T15:32:02+08:00 ] ::1 ::1 GET /admin/category/store.html
[ error ] [8]未定义变量: _W[D:\phpstudy_pro\WWW\imooc_o2o\runtime\temp\42e92a04971d5a26bb03706c5965940f.php:189]

---------------------------------------------------------------
[ 2020-03-10T15:32:21+08:00 ] ::1 ::1 GET /admin/category/store.html
[ error ] [8]未定义数组索引: newstr[D:\phpstudy_pro\WWW\imooc_o2o\runtime\temp\42e92a04971d5a26bb03706c5965940f.php:199]

---------------------------------------------------------------
[ 2020-03-10T15:32:45+08:00 ] ::1 ::1 GET /admin/category/store.html
[ error ] [8]未定义变量: _W[D:\phpstudy_pro\WWW\imooc_o2o\runtime\temp\42e92a04971d5a26bb03706c5965940f.php:330]

---------------------------------------------------------------
[ 2020-03-10T15:32:46+08:00 ] ::1 ::1 GET /admin/category/store.html
[ error ] [8]未定义变量: _W[D:\phpstudy_pro\WWW\imooc_o2o\runtime\temp\42e92a04971d5a26bb03706c5965940f.php:330]

---------------------------------------------------------------
[ 2020-03-10T15:33:26+08:00 ] ::1 ::1 GET /admin/category/store.html
[ error ] [8]未定义变量: _W[D:\phpstudy_pro\WWW\imooc_o2o\runtime\temp\42e92a04971d5a26bb03706c5965940f.php:682]

---------------------------------------------------------------
[ 2020-03-10T15:33:26+08:00 ] ::1 ::1 GET /admin/category/store.html
[ error ] [8]未定义变量: _W[D:\phpstudy_pro\WWW\imooc_o2o\runtime\temp\42e92a04971d5a26bb03706c5965940f.php:682]

---------------------------------------------------------------
[ 2020-03-10T15:33:51+08:00 ] ::1 ::1 GET /admin/category/store.html
[ error ] [8]未定义变量: _W[D:\phpstudy_pro\WWW\imooc_o2o\runtime\temp\42e92a04971d5a26bb03706c5965940f.php:682]

---------------------------------------------------------------
[ 2020-03-10T15:33:51+08:00 ] ::1 ::1 GET /admin/category/store.html
[ error ] [8]未定义变量: _W[D:\phpstudy_pro\WWW\imooc_o2o\runtime\temp\42e92a04971d5a26bb03706c5965940f.php:682]

---------------------------------------------------------------
[ 2020-03-10T15:33:51+08:00 ] ::1 ::1 GET /admin/category/store.html
[ error ] [8]未定义变量: _W[D:\phpstudy_pro\WWW\imooc_o2o\runtime\temp\42e92a04971d5a26bb03706c5965940f.php:682]

---------------------------------------------------------------
[ 2020-03-10T15:33:51+08:00 ] ::1 ::1 GET /admin/category/store.html
[ error ] [8]未定义变量: _W[D:\phpstudy_pro\WWW\imooc_o2o\runtime\temp\42e92a04971d5a26bb03706c5965940f.php:682]

---------------------------------------------------------------
[ 2020-03-10T15:35:06+08:00 ] ::1 ::1 GET /admin/category/store.html
[ error ] [8]未定义变量: _W[D:\phpstudy_pro\WWW\imooc_o2o\runtime\temp\42e92a04971d5a26bb03706c5965940f.php:330]

---------------------------------------------------------------
[ 2020-03-10T15:35:06+08:00 ] ::1 ::1 GET /admin/category/store.html
[ error ] [8]未定义变量: _W[D:\phpstudy_pro\WWW\imooc_o2o\runtime\temp\42e92a04971d5a26bb03706c5965940f.php:330]

---------------------------------------------------------------
[ 2020-03-10T15:35:06+08:00 ] ::1 ::1 GET /admin/category/store.html
[ error ] [8]未定义变量: _W[D:\phpstudy_pro\WWW\imooc_o2o\runtime\temp\42e92a04971d5a26bb03706c5965940f.php:330]

---------------------------------------------------------------
[ 2020-03-10T15:35:07+08:00 ] ::1 ::1 GET /admin/category/store.html
[ error ] [8]未定义变量: _W[D:\phpstudy_pro\WWW\imooc_o2o\runtime\temp\42e92a04971d5a26bb03706c5965940f.php:330]

---------------------------------------------------------------
[ 2020-03-10T15:35:21+08:00 ] ::1 ::1 GET /admin/category/store.html
[ error ] [8]未定义变量: _W[D:\phpstudy_pro\WWW\imooc_o2o\runtime\temp\42e92a04971d5a26bb03706c5965940f.php:685]

---------------------------------------------------------------
[ 2020-03-10T15:35:22+08:00 ] ::1 ::1 GET /admin/category/store.html
[ error ] [8]未定义变量: _W[D:\phpstudy_pro\WWW\imooc_o2o\runtime\temp\42e92a04971d5a26bb03706c5965940f.php:685]

---------------------------------------------------------------
