[ 2020-02-27T21:19:38+08:00 ] ::1 ::1 GET /
[ log ] localhost/ [运行时间：4.304014s][吞吐率：0.23req/s] [内存消耗：2,157.58kb] [文件加载：51]
[ info ] [ LANG ] D:\phpstudy_pro\WWW\imooc_o2o.20170718\thinkphp\lang\zh-cn.php
[ info ] [ ROUTE ] array (
  'type' => 'module',
  'module' => 
  array (
    0 => '',
    1 => NULL,
    2 => NULL,
  ),
)
[ info ] [ HEADER ] array (
  'cookie' => 'pgv_pvi=4017480704',
  'accept-language' => 'zh-TW,zh;q=0.9,en-US;q=0.8,en;q=0.7',
  'accept-encoding' => 'gzip, deflate, br',
  'sec-fetch-mode' => 'navigate',
  'sec-fetch-site' => 'none',
  'purpose' => 'prefetch',
  'accept' => 'text/html,application/xhtml+xml,application/xml;q=0.9,image/webp,image/apng,*/*;q=0.8,application/signed-exchange;v=b3;q=0.9',
  'sec-fetch-user' => '?1',
  'user-agent' => 'Mozilla/5.0 (Windows NT 10.0; Win64; x64) AppleWebKit/537.36 (KHTML, like Gecko) Chrome/79.0.3945.130 Safari/537.36',
  'upgrade-insecure-requests' => '1',
  'connection' => 'close',
  'host' => 'localhost',
)
[ info ] [ PARAM ] array (
)
[ info ] [ DB ] INIT mysql
[ info ] [ LOG ] INIT File

---------------------------------------------------------------
[ 2020-02-27T21:19:43+08:00 ] ::1 ::1 GET /
[ log ] localhost/ [运行时间：4.072841s][吞吐率：0.25req/s] [内存消耗：2,157.38kb] [文件加载：51]
[ info ] [ LANG ] D:\phpstudy_pro\WWW\imooc_o2o.20170718\thinkphp\lang\zh-cn.php
[ info ] [ ROUTE ] array (
  'type' => 'module',
  'module' => 
  array (
    0 => '',
    1 => NULL,
    2 => NULL,
  ),
)
[ info ] [ HEADER ] array (
  'cookie' => 'pgv_pvi=4017480704',
  'accept-language' => 'zh-TW,zh;q=0.9,en-US;q=0.8,en;q=0.7',
  'accept-encoding' => 'gzip, deflate, br',
  'sec-fetch-mode' => 'navigate',
  'sec-fetch-site' => 'none',
  'accept' => 'text/html,application/xhtml+xml,application/xml;q=0.9,image/webp,image/apng,*/*;q=0.8,application/signed-exchange;v=b3;q=0.9',
  'sec-fetch-user' => '?1',
  'user-agent' => 'Mozilla/5.0 (Windows NT 10.0; Win64; x64) AppleWebKit/537.36 (KHTML, like Gecko) Chrome/79.0.3945.130 Safari/537.36',
  'upgrade-insecure-requests' => '1',
  'connection' => 'close',
  'host' => 'localhost',
)
[ info ] [ PARAM ] array (
)
[ info ] [ DB ] INIT mysql
[ info ] [ LOG ] INIT File

---------------------------------------------------------------
[ 2020-02-27T21:37:07+08:00 ] ::1 ::1 GET /
[ log ] localhost/ [运行时间：4.050481s][吞吐率：0.25req/s] [内存消耗：2,157.58kb] [文件加载：51]
[ info ] [ LANG ] D:\phpstudy_pro\WWW\imooc_o2o.20170718\thinkphp\lang\zh-cn.php
[ info ] [ ROUTE ] array (
  'type' => 'module',
  'module' => 
  array (
    0 => '',
    1 => NULL,
    2 => NULL,
  ),
)
[ info ] [ HEADER ] array (
  'cookie' => 'pgv_pvi=4017480704',
  'accept-language' => 'zh-TW,zh;q=0.9,en-US;q=0.8,en;q=0.7',
  'accept-encoding' => 'gzip, deflate, br',
  'sec-fetch-mode' => 'navigate',
  'sec-fetch-site' => 'none',
  'accept' => 'text/html,application/xhtml+xml,application/xml;q=0.9,image/webp,image/apng,*/*;q=0.8,application/signed-exchange;v=b3;q=0.9',
  'sec-fetch-user' => '?1',
  'user-agent' => 'Mozilla/5.0 (Windows NT 10.0; Win64; x64) AppleWebKit/537.36 (KHTML, like Gecko) Chrome/79.0.3945.130 Safari/537.36',
  'upgrade-insecure-requests' => '1',
  'cache-control' => 'max-age=0',
  'connection' => 'close',
  'host' => 'localhost',
)
[ info ] [ PARAM ] array (
)
[ info ] [ DB ] INIT mysql
[ info ] [ LOG ] INIT File

---------------------------------------------------------------
[ 2020-02-27T21:42:07+08:00 ] ::1 ::1 GET /
[ log ] localhost/ [运行时间：4.054105s][吞吐率：0.25req/s] [内存消耗：2,157.58kb] [文件加载：51]
[ info ] [ LANG ] D:\phpstudy_pro\WWW\imooc_o2o.20170718\thinkphp\lang\zh-cn.php
[ info ] [ ROUTE ] array (
  'type' => 'module',
  'module' => 
  array (
    0 => '',
    1 => NULL,
    2 => NULL,
  ),
)
[ info ] [ HEADER ] array (
  'cookie' => 'pgv_pvi=4017480704',
  'accept-language' => 'zh-TW,zh;q=0.9,en-US;q=0.8,en;q=0.7',
  'accept-encoding' => 'gzip, deflate, br',
  'sec-fetch-mode' => 'navigate',
  'sec-fetch-site' => 'none',
  'accept' => 'text/html,application/xhtml+xml,application/xml;q=0.9,image/webp,image/apng,*/*;q=0.8,application/signed-exchange;v=b3;q=0.9',
  'sec-fetch-user' => '?1',
  'user-agent' => 'Mozilla/5.0 (Windows NT 10.0; Win64; x64) AppleWebKit/537.36 (KHTML, like Gecko) Chrome/79.0.3945.130 Safari/537.36',
  'upgrade-insecure-requests' => '1',
  'cache-control' => 'max-age=0',
  'connection' => 'close',
  'host' => 'localhost',
)
[ info ] [ PARAM ] array (
)
[ info ] [ DB ] INIT mysql
[ info ] [ LOG ] INIT File

---------------------------------------------------------------
[ 2020-02-27T21:42:13+08:00 ] ::1 ::1 GET /
[ log ] localhost/ [运行时间：4.035850s][吞吐率：0.25req/s] [内存消耗：2,157.58kb] [文件加载：51]
[ info ] [ LANG ] D:\phpstudy_pro\WWW\imooc_o2o.20170718\thinkphp\lang\zh-cn.php
[ info ] [ ROUTE ] array (
  'type' => 'module',
  'module' => 
  array (
    0 => '',
    1 => NULL,
    2 => NULL,
  ),
)
[ info ] [ HEADER ] array (
  'cookie' => 'pgv_pvi=4017480704',
  'accept-language' => 'zh-TW,zh;q=0.9,en-US;q=0.8,en;q=0.7',
  'accept-encoding' => 'gzip, deflate, br',
  'sec-fetch-mode' => 'navigate',
  'sec-fetch-site' => 'none',
  'accept' => 'text/html,application/xhtml+xml,application/xml;q=0.9,image/webp,image/apng,*/*;q=0.8,application/signed-exchange;v=b3;q=0.9',
  'sec-fetch-user' => '?1',
  'user-agent' => 'Mozilla/5.0 (Windows NT 10.0; Win64; x64) AppleWebKit/537.36 (KHTML, like Gecko) Chrome/79.0.3945.130 Safari/537.36',
  'upgrade-insecure-requests' => '1',
  'cache-control' => 'max-age=0',
  'connection' => 'close',
  'host' => 'localhost',
)
[ info ] [ PARAM ] array (
)
[ info ] [ DB ] INIT mysql
[ info ] [ LOG ] INIT File

---------------------------------------------------------------
[ 2020-02-27T21:52:47+08:00 ] ::1 ::1 GET /index.php/index/index/index
[ log ] localhost/index.php/index/index/index [运行时间：0.021643s][吞吐率：46.20req/s] [内存消耗：1,139.70kb] [文件加载：36]
[ info ] [ LANG ] D:\phpstudy_pro\WWW\imooc_o2o.20170718\thinkphp\lang\zh-cn.php
[ info ] [ ROUTE ] array (
  'type' => 'module',
  'module' => 
  array (
    0 => 'error',
    1 => '500',
    2 => NULL,
  ),
)
[ info ] [ HEADER ] array (
  'cookie' => 'pgv_pvi=4017480704',
  'accept-language' => 'zh-TW,zh;q=0.9,en-US;q=0.8,en;q=0.7',
  'accept-encoding' => 'gzip, deflate, br',
  'sec-fetch-mode' => 'navigate',
  'sec-fetch-site' => 'none',
  'accept' => 'text/html,application/xhtml+xml,application/xml;q=0.9,image/webp,image/apng,*/*;q=0.8,application/signed-exchange;v=b3;q=0.9',
  'sec-fetch-user' => '?1',
  'user-agent' => 'Mozilla/5.0 (Windows NT 10.0; Win64; x64) AppleWebKit/537.36 (KHTML, like Gecko) Chrome/79.0.3945.130 Safari/537.36',
  'upgrade-insecure-requests' => '1',
  'cache-control' => 'max-age=0',
  'connection' => 'close',
  'host' => 'localhost',
)
[ info ] [ PARAM ] array (
  '/error/500_html' => '',
)
[ info ] [ LOG ] INIT File

---------------------------------------------------------------
[ 2020-02-27T21:55:06+08:00 ] ::1 ::1 GET /index.php/index/index/index
[ log ] localhost/index.php/index/index/index [运行时间：0.011980s][吞吐率：83.47req/s] [内存消耗：1,139.27kb] [文件加载：36]
[ info ] [ LANG ] D:\phpstudy_pro\WWW\imooc_o2o.20170718\thinkphp\lang\zh-cn.php
[ info ] [ ROUTE ] array (
  'type' => 'module',
  'module' => 
  array (
    0 => 'error',
    1 => '500',
    2 => NULL,
  ),
)
[ info ] [ HEADER ] array (
  'cookie' => 'pgv_pvi=4017480704',
  'accept-language' => 'zh-TW,zh;q=0.9,en-US;q=0.8,en;q=0.7',
  'accept-encoding' => 'gzip, deflate, br',
  'sec-fetch-mode' => 'navigate',
  'sec-fetch-site' => 'none',
  'accept' => 'text/html,application/xhtml+xml,application/xml;q=0.9,image/webp,image/apng,*/*;q=0.8,application/signed-exchange;v=b3;q=0.9',
  'sec-fetch-user' => '?1',
  'user-agent' => 'Mozilla/5.0 (Windows NT 10.0; Win64; x64) AppleWebKit/537.36 (KHTML, like Gecko) Chrome/79.0.3945.130 Safari/537.36',
  'upgrade-insecure-requests' => '1',
  'cache-control' => 'max-age=0',
  'connection' => 'close',
  'host' => 'localhost',
)
[ info ] [ PARAM ] array (
)
[ info ] [ LOG ] INIT File

---------------------------------------------------------------
[ 2020-02-27T22:01:46+08:00 ] ::1 ::1 GET /index.php/index/index/index
[ log ] localhost/index.php/index/index/index [运行时间：0.009923s][吞吐率：100.78req/s] [内存消耗：1,139.70kb] [文件加载：36]
[ info ] [ LANG ] D:\phpstudy_pro\WWW\imooc_o2o.20170718\thinkphp\lang\zh-cn.php
[ info ] [ ROUTE ] array (
  'type' => 'module',
  'module' => 
  array (
    0 => 'error',
    1 => '500',
    2 => NULL,
  ),
)
[ info ] [ HEADER ] array (
  'cookie' => 'pgv_pvi=4017480704',
  'accept-language' => 'zh-TW,zh;q=0.9,en-US;q=0.8,en;q=0.7',
  'accept-encoding' => 'gzip, deflate, br',
  'sec-fetch-mode' => 'navigate',
  'sec-fetch-site' => 'none',
  'accept' => 'text/html,application/xhtml+xml,application/xml;q=0.9,image/webp,image/apng,*/*;q=0.8,application/signed-exchange;v=b3;q=0.9',
  'sec-fetch-user' => '?1',
  'user-agent' => 'Mozilla/5.0 (Windows NT 10.0; Win64; x64) AppleWebKit/537.36 (KHTML, like Gecko) Chrome/79.0.3945.130 Safari/537.36',
  'upgrade-insecure-requests' => '1',
  'cache-control' => 'max-age=0',
  'connection' => 'close',
  'host' => 'localhost',
)
[ info ] [ PARAM ] array (
  '/error/500_html' => '',
)
[ info ] [ LOG ] INIT File

---------------------------------------------------------------
[ 2020-02-27T22:03:43+08:00 ] ::1 ::1 GET /index.php/index/index/index
[ log ] localhost/index.php/index/index/index [运行时间：0.132661s][吞吐率：7.54req/s] [内存消耗：1,657.97kb] [文件加载：47]
[ info ] [ LANG ] D:\phpstudy_pro\WWW\imooc_o2o.20170718\thinkphp\lang\zh-cn.php
[ info ] [ ROUTE ] array (
  'type' => 'module',
  'module' => 
  array (
    0 => 'index',
    1 => 'index',
    2 => 'index',
  ),
)
[ info ] [ HEADER ] array (
  'cookie' => 'pgv_pvi=4017480704',
  'accept-language' => 'zh-TW,zh;q=0.9,en-US;q=0.8,en;q=0.7',
  'accept-encoding' => 'gzip, deflate, br',
  'sec-fetch-mode' => 'navigate',
  'sec-fetch-site' => 'none',
  'accept' => 'text/html,application/xhtml+xml,application/xml;q=0.9,image/webp,image/apng,*/*;q=0.8,application/signed-exchange;v=b3;q=0.9',
  'sec-fetch-user' => '?1',
  'user-agent' => 'Mozilla/5.0 (Windows NT 10.0; Win64; x64) AppleWebKit/537.36 (KHTML, like Gecko) Chrome/79.0.3945.130 Safari/537.36',
  'upgrade-insecure-requests' => '1',
  'cache-control' => 'max-age=0',
  'connection' => 'close',
  'host' => 'localhost',
)
[ info ] [ PARAM ] array (
)
[ info ] [ RUN ] app\index\controller\Index->index[ D:\phpstudy_pro\WWW\imooc_o2o.20170718\application\index\controller\Index.php ]
[ info ] [ VIEW ] D:\phpstudy_pro\WWW\imooc_o2o.20170718\public/../application/index\view\index\index.html [ array (
) ]
[ info ] [ LOG ] INIT File

---------------------------------------------------------------
[ 2020-02-27T22:06:46+08:00 ] ::1 ::1 GET /index.php/index/index/index
[ log ] localhost/index.php/index/index/index [运行时间：0.016095s][吞吐率：62.13req/s] [内存消耗：1,432.35kb] [文件加载：45]
[ info ] [ LANG ] D:\phpstudy_pro\WWW\imooc_o2o.20170718\thinkphp\lang\zh-cn.php
[ info ] [ ROUTE ] array (
  'type' => 'module',
  'module' => 
  array (
    0 => 'index',
    1 => 'index',
    2 => 'index',
  ),
)
[ info ] [ HEADER ] array (
  'cookie' => 'pgv_pvi=4017480704',
  'accept-language' => 'zh-TW,zh;q=0.9,en-US;q=0.8,en;q=0.7',
  'accept-encoding' => 'gzip, deflate, br',
  'sec-fetch-mode' => 'navigate',
  'sec-fetch-site' => 'none',
  'accept' => 'text/html,application/xhtml+xml,application/xml;q=0.9,image/webp,image/apng,*/*;q=0.8,application/signed-exchange;v=b3;q=0.9',
  'sec-fetch-user' => '?1',
  'user-agent' => 'Mozilla/5.0 (Windows NT 10.0; Win64; x64) AppleWebKit/537.36 (KHTML, like Gecko) Chrome/79.0.3945.130 Safari/537.36',
  'upgrade-insecure-requests' => '1',
  'cache-control' => 'max-age=0',
  'connection' => 'close',
  'host' => 'localhost',
)
[ info ] [ PARAM ] array (
)
[ info ] [ RUN ] app\index\controller\Index->index[ D:\phpstudy_pro\WWW\imooc_o2o.20170718\application\index\controller\Index.php ]
[ info ] [ VIEW ] D:\phpstudy_pro\WWW\imooc_o2o.20170718\public/../application/index\view\index\index.html [ array (
) ]
[ info ] [ LOG ] INIT File

---------------------------------------------------------------
[ 2020-02-27T22:07:36+08:00 ] ::1 ::1 GET /index.php/index/index/index
[ log ] localhost/index.php/index/index/index [运行时间：0.026917s][吞吐率：37.15req/s] [内存消耗：1,502.41kb] [文件加载：43]
[ info ] [ LANG ] D:\phpstudy_pro\WWW\imooc_o2o.20170718\thinkphp\lang\zh-cn.php
[ info ] [ ROUTE ] array (
  'type' => 'module',
  'module' => 
  array (
    0 => 'index',
    1 => 'index',
    2 => 'index',
  ),
)
[ info ] [ HEADER ] array (
  'cookie' => 'pgv_pvi=4017480704',
  'accept-language' => 'zh-TW,zh;q=0.9,en-US;q=0.8,en;q=0.7',
  'accept-encoding' => 'gzip, deflate, br',
  'sec-fetch-mode' => 'navigate',
  'sec-fetch-site' => 'none',
  'accept' => 'text/html,application/xhtml+xml,application/xml;q=0.9,image/webp,image/apng,*/*;q=0.8,application/signed-exchange;v=b3;q=0.9',
  'sec-fetch-user' => '?1',
  'user-agent' => 'Mozilla/5.0 (Windows NT 10.0; Win64; x64) AppleWebKit/537.36 (KHTML, like Gecko) Chrome/79.0.3945.130 Safari/537.36',
  'upgrade-insecure-requests' => '1',
  'cache-control' => 'max-age=0',
  'connection' => 'close',
  'host' => 'localhost',
)
[ info ] [ PARAM ] array (
)
[ info ] [ RUN ] app\index\controller\Index->index[ D:\phpstudy_pro\WWW\imooc_o2o.20170718\application\index\controller\Index.php ]
[ info ] [ VIEW ] D:\phpstudy_pro\WWW\imooc_o2o.20170718\public/../application/index\view\index\index.html [ array (
) ]
[ info ] [ LOG ] INIT File

---------------------------------------------------------------
[ 2020-02-27T22:08:02+08:00 ] ::1 ::1 GET /index.php/index/index/index
[ log ] localhost/index.php/index/index/index [运行时间：0.060258s][吞吐率：16.60req/s] [内存消耗：1,657.55kb] [文件加载：47]
[ info ] [ LANG ] D:\phpstudy_pro\WWW\imooc_o2o.20170718\thinkphp\lang\zh-cn.php
[ info ] [ ROUTE ] array (
  'type' => 'module',
  'module' => 
  array (
    0 => 'index',
    1 => 'index',
    2 => 'index',
  ),
)
[ info ] [ HEADER ] array (
  'cookie' => 'pgv_pvi=4017480704',
  'accept-language' => 'zh-TW,zh;q=0.9,en-US;q=0.8,en;q=0.7',
  'accept-encoding' => 'gzip, deflate, br',
  'sec-fetch-mode' => 'navigate',
  'sec-fetch-site' => 'none',
  'accept' => 'text/html,application/xhtml+xml,application/xml;q=0.9,image/webp,image/apng,*/*;q=0.8,application/signed-exchange;v=b3;q=0.9',
  'sec-fetch-user' => '?1',
  'user-agent' => 'Mozilla/5.0 (Windows NT 10.0; Win64; x64) AppleWebKit/537.36 (KHTML, like Gecko) Chrome/79.0.3945.130 Safari/537.36',
  'upgrade-insecure-requests' => '1',
  'cache-control' => 'max-age=0',
  'connection' => 'close',
  'host' => 'localhost',
)
[ info ] [ PARAM ] array (
)
[ info ] [ RUN ] app\index\controller\Index->index[ D:\phpstudy_pro\WWW\imooc_o2o.20170718\application\index\controller\Index.php ]
[ info ] [ VIEW ] D:\phpstudy_pro\WWW\imooc_o2o.20170718\public/../application/index\view\index\index.html [ array (
) ]
[ info ] [ LOG ] INIT File

---------------------------------------------------------------
[ 2020-02-27T22:08:36+08:00 ] ::1 ::1 GET /index.php/index/index/index
[ log ] localhost/index.php/index/index/index [运行时间：0.065343s][吞吐率：15.30req/s] [内存消耗：1,657.42kb] [文件加载：47]
[ info ] [ LANG ] D:\phpstudy_pro\WWW\imooc_o2o.20170718\thinkphp\lang\zh-cn.php
[ info ] [ ROUTE ] array (
  'type' => 'module',
  'module' => 
  array (
    0 => 'index',
    1 => 'index',
    2 => 'index',
  ),
)
[ info ] [ HEADER ] array (
  'cookie' => 'pgv_pvi=4017480704',
  'accept-language' => 'zh-TW,zh;q=0.9,en-US;q=0.8,en;q=0.7',
  'accept-encoding' => 'gzip, deflate, br',
  'sec-fetch-mode' => 'navigate',
  'sec-fetch-site' => 'none',
  'accept' => 'text/html,application/xhtml+xml,application/xml;q=0.9,image/webp,image/apng,*/*;q=0.8,application/signed-exchange;v=b3;q=0.9',
  'sec-fetch-user' => '?1',
  'user-agent' => 'Mozilla/5.0 (Windows NT 10.0; Win64; x64) AppleWebKit/537.36 (KHTML, like Gecko) Chrome/79.0.3945.130 Safari/537.36',
  'upgrade-insecure-requests' => '1',
  'cache-control' => 'max-age=0',
  'connection' => 'close',
  'host' => 'localhost',
)
[ info ] [ PARAM ] array (
)
[ info ] [ RUN ] app\index\controller\Index->index[ D:\phpstudy_pro\WWW\imooc_o2o.20170718\application\index\controller\Index.php ]
[ info ] [ VIEW ] D:\phpstudy_pro\WWW\imooc_o2o.20170718\public/../application/index\view\index\index.html [ array (
) ]
[ info ] [ LOG ] INIT File

---------------------------------------------------------------
[ 2020-02-27T22:08:39+08:00 ] ::1 ::1 GET /index.php/index/index/index
[ log ] localhost/index.php/index/index/index [运行时间：0.011791s][吞吐率：84.81req/s] [内存消耗：1,431.80kb] [文件加载：45]
[ info ] [ LANG ] D:\phpstudy_pro\WWW\imooc_o2o.20170718\thinkphp\lang\zh-cn.php
[ info ] [ ROUTE ] array (
  'type' => 'module',
  'module' => 
  array (
    0 => 'index',
    1 => 'index',
    2 => 'index',
  ),
)
[ info ] [ HEADER ] array (
  'cookie' => 'pgv_pvi=4017480704',
  'accept-language' => 'zh-TW,zh;q=0.9,en-US;q=0.8,en;q=0.7',
  'accept-encoding' => 'gzip, deflate, br',
  'sec-fetch-mode' => 'navigate',
  'sec-fetch-site' => 'none',
  'accept' => 'text/html,application/xhtml+xml,application/xml;q=0.9,image/webp,image/apng,*/*;q=0.8,application/signed-exchange;v=b3;q=0.9',
  'sec-fetch-user' => '?1',
  'user-agent' => 'Mozilla/5.0 (Windows NT 10.0; Win64; x64) AppleWebKit/537.36 (KHTML, like Gecko) Chrome/79.0.3945.130 Safari/537.36',
  'upgrade-insecure-requests' => '1',
  'cache-control' => 'max-age=0',
  'connection' => 'close',
  'host' => 'localhost',
)
[ info ] [ PARAM ] array (
)
[ info ] [ RUN ] app\index\controller\Index->index[ D:\phpstudy_pro\WWW\imooc_o2o.20170718\application\index\controller\Index.php ]
[ info ] [ VIEW ] D:\phpstudy_pro\WWW\imooc_o2o.20170718\public/../application/index\view\index\index.html [ array (
) ]
[ info ] [ LOG ] INIT File

---------------------------------------------------------------
[ 2020-02-27T22:09:00+08:00 ] ::1 ::1 GET /index.php/index/index/index
[ log ] localhost/index.php/index/index/index [运行时间：0.018166s][吞吐率：55.05req/s] [内存消耗：1,431.79kb] [文件加载：45]
[ info ] [ LANG ] D:\phpstudy_pro\WWW\imooc_o2o.20170718\thinkphp\lang\zh-cn.php
[ info ] [ ROUTE ] array (
  'type' => 'module',
  'module' => 
  array (
    0 => 'index',
    1 => 'index',
    2 => 'index',
  ),
)
[ info ] [ HEADER ] array (
  'cookie' => 'pgv_pvi=4017480704',
  'accept-language' => 'zh-TW,zh;q=0.9,en-US;q=0.8,en;q=0.7',
  'accept-encoding' => 'gzip, deflate, br',
  'sec-fetch-mode' => 'navigate',
  'sec-fetch-site' => 'none',
  'accept' => 'text/html,application/xhtml+xml,application/xml;q=0.9,image/webp,image/apng,*/*;q=0.8,application/signed-exchange;v=b3;q=0.9',
  'sec-fetch-user' => '?1',
  'user-agent' => 'Mozilla/5.0 (Windows NT 10.0; Win64; x64) AppleWebKit/537.36 (KHTML, like Gecko) Chrome/79.0.3945.130 Safari/537.36',
  'upgrade-insecure-requests' => '1',
  'cache-control' => 'max-age=0',
  'connection' => 'close',
  'host' => 'localhost',
)
[ info ] [ PARAM ] array (
)
[ info ] [ RUN ] app\index\controller\Index->index[ D:\phpstudy_pro\WWW\imooc_o2o.20170718\application\index\controller\Index.php ]
[ info ] [ VIEW ] D:\phpstudy_pro\WWW\imooc_o2o.20170718\public/../application/index\view\index\index.html [ array (
) ]
[ info ] [ LOG ] INIT File

---------------------------------------------------------------
[ 2020-02-27T22:09:41+08:00 ] ::1 ::1 GET /index.php/index/index/index
[ log ] localhost/index.php/index/index/index [运行时间：0.011677s][吞吐率：85.64req/s] [内存消耗：1,431.63kb] [文件加载：45]
[ info ] [ LANG ] D:\phpstudy_pro\WWW\imooc_o2o.20170718\thinkphp\lang\zh-cn.php
[ info ] [ ROUTE ] array (
  'type' => 'module',
  'module' => 
  array (
    0 => 'index',
    1 => 'index',
    2 => 'index',
  ),
)
[ info ] [ HEADER ] array (
  'cookie' => 'pgv_pvi=4017480704',
  'accept-language' => 'zh-TW,zh;q=0.9,en-US;q=0.8,en;q=0.7',
  'accept-encoding' => 'gzip, deflate, br',
  'sec-fetch-mode' => 'navigate',
  'sec-fetch-site' => 'none',
  'accept' => 'text/html,application/xhtml+xml,application/xml;q=0.9,image/webp,image/apng,*/*;q=0.8,application/signed-exchange;v=b3;q=0.9',
  'sec-fetch-user' => '?1',
  'user-agent' => 'Mozilla/5.0 (Windows NT 10.0; Win64; x64) AppleWebKit/537.36 (KHTML, like Gecko) Chrome/79.0.3945.130 Safari/537.36',
  'upgrade-insecure-requests' => '1',
  'cache-control' => 'max-age=0',
  'connection' => 'close',
  'host' => 'localhost',
)
[ info ] [ PARAM ] array (
)
[ info ] [ RUN ] app\index\controller\Index->index[ D:\phpstudy_pro\WWW\imooc_o2o.20170718\application\index\controller\Index.php ]
[ info ] [ VIEW ] D:\phpstudy_pro\WWW\imooc_o2o.20170718\public/../application/index\view\index\index.html [ array (
) ]
[ info ] [ LOG ] INIT File

---------------------------------------------------------------
[ 2020-02-27T22:10:30+08:00 ] ::1 ::1 GET /index.php/index/index/index
[ log ] localhost/index.php/index/index/index [运行时间：0.016859s][吞吐率：59.32req/s] [内存消耗：1,431.91kb] [文件加载：45]
[ info ] [ LANG ] D:\phpstudy_pro\WWW\imooc_o2o.20170718\thinkphp\lang\zh-cn.php
[ info ] [ ROUTE ] array (
  'type' => 'module',
  'module' => 
  array (
    0 => 'index',
    1 => 'index',
    2 => 'index',
  ),
)
[ info ] [ HEADER ] array (
  'cookie' => 'pgv_pvi=4017480704',
  'accept-language' => 'zh-TW,zh;q=0.9,en-US;q=0.8,en;q=0.7',
  'accept-encoding' => 'gzip, deflate, br',
  'sec-fetch-mode' => 'navigate',
  'sec-fetch-site' => 'none',
  'accept' => 'text/html,application/xhtml+xml,application/xml;q=0.9,image/webp,image/apng,*/*;q=0.8,application/signed-exchange;v=b3;q=0.9',
  'sec-fetch-user' => '?1',
  'user-agent' => 'Mozilla/5.0 (Windows NT 10.0; Win64; x64) AppleWebKit/537.36 (KHTML, like Gecko) Chrome/79.0.3945.130 Safari/537.36',
  'upgrade-insecure-requests' => '1',
  'cache-control' => 'max-age=0',
  'connection' => 'close',
  'host' => 'localhost',
)
[ info ] [ PARAM ] array (
)
[ info ] [ RUN ] app\index\controller\Index->index[ D:\phpstudy_pro\WWW\imooc_o2o.20170718\application\index\controller\Index.php ]
[ info ] [ VIEW ] D:\phpstudy_pro\WWW\imooc_o2o.20170718\public/../application/index\view\index\index.html [ array (
) ]
[ info ] [ LOG ] INIT File

---------------------------------------------------------------
[ 2020-02-27T22:12:42+08:00 ] ::1 ::1 GET /index.php/index/index/index
[ log ] localhost/index.php/index/index/index [运行时间：0.013921s][吞吐率：71.83req/s] [内存消耗：1,603.73kb] [文件加载：47]
[ info ] [ LANG ] D:\phpstudy_pro\WWW\imooc_o2o.20170718\thinkphp\lang\zh-cn.php
[ info ] [ ROUTE ] array (
  'type' => 'module',
  'module' => 
  array (
    0 => 'index',
    1 => 'index',
    2 => 'index',
  ),
)
[ info ] [ HEADER ] array (
  'cookie' => 'pgv_pvi=4017480704',
  'accept-language' => 'zh-TW,zh;q=0.9,en-US;q=0.8,en;q=0.7',
  'accept-encoding' => 'gzip, deflate, br',
  'sec-fetch-mode' => 'navigate',
  'sec-fetch-site' => 'none',
  'accept' => 'text/html,application/xhtml+xml,application/xml;q=0.9,image/webp,image/apng,*/*;q=0.8,application/signed-exchange;v=b3;q=0.9',
  'sec-fetch-user' => '?1',
  'user-agent' => 'Mozilla/5.0 (Windows NT 10.0; Win64; x64) AppleWebKit/537.36 (KHTML, like Gecko) Chrome/79.0.3945.130 Safari/537.36',
  'upgrade-insecure-requests' => '1',
  'cache-control' => 'max-age=0',
  'connection' => 'close',
  'host' => 'localhost',
)
[ info ] [ PARAM ] array (
)
[ info ] [ RUN ] app\index\controller\Index->index[ D:\phpstudy_pro\WWW\imooc_o2o.20170718\application\index\controller\Index.php ]
[ info ] [ LOG ] INIT File

---------------------------------------------------------------
[ 2020-02-27T22:12:43+08:00 ] ::1 ::1 GET /index.php/index/index/index
[ log ] localhost/index.php/index/index/index [运行时间：0.011623s][吞吐率：86.04req/s] [内存消耗：1,603.73kb] [文件加载：47]
[ info ] [ LANG ] D:\phpstudy_pro\WWW\imooc_o2o.20170718\thinkphp\lang\zh-cn.php
[ info ] [ ROUTE ] array (
  'type' => 'module',
  'module' => 
  array (
    0 => 'index',
    1 => 'index',
    2 => 'index',
  ),
)
[ info ] [ HEADER ] array (
  'cookie' => 'pgv_pvi=4017480704',
  'accept-language' => 'zh-TW,zh;q=0.9,en-US;q=0.8,en;q=0.7',
  'accept-encoding' => 'gzip, deflate, br',
  'sec-fetch-mode' => 'navigate',
  'sec-fetch-site' => 'none',
  'accept' => 'text/html,application/xhtml+xml,application/xml;q=0.9,image/webp,image/apng,*/*;q=0.8,application/signed-exchange;v=b3;q=0.9',
  'sec-fetch-user' => '?1',
  'user-agent' => 'Mozilla/5.0 (Windows NT 10.0; Win64; x64) AppleWebKit/537.36 (KHTML, like Gecko) Chrome/79.0.3945.130 Safari/537.36',
  'upgrade-insecure-requests' => '1',
  'cache-control' => 'max-age=0',
  'connection' => 'close',
  'host' => 'localhost',
)
[ info ] [ PARAM ] array (
)
[ info ] [ RUN ] app\index\controller\Index->index[ D:\phpstudy_pro\WWW\imooc_o2o.20170718\application\index\controller\Index.php ]
[ info ] [ LOG ] INIT File

---------------------------------------------------------------
[ 2020-02-27T22:12:43+08:00 ] ::1 ::1 GET /index.php/index/index/index
[ log ] localhost/index.php/index/index/index [运行时间：0.017352s][吞吐率：57.63req/s] [内存消耗：1,603.73kb] [文件加载：47]
[ info ] [ LANG ] D:\phpstudy_pro\WWW\imooc_o2o.20170718\thinkphp\lang\zh-cn.php
[ info ] [ ROUTE ] array (
  'type' => 'module',
  'module' => 
  array (
    0 => 'index',
    1 => 'index',
    2 => 'index',
  ),
)
[ info ] [ HEADER ] array (
  'cookie' => 'pgv_pvi=4017480704',
  'accept-language' => 'zh-TW,zh;q=0.9,en-US;q=0.8,en;q=0.7',
  'accept-encoding' => 'gzip, deflate, br',
  'sec-fetch-mode' => 'navigate',
  'sec-fetch-site' => 'none',
  'accept' => 'text/html,application/xhtml+xml,application/xml;q=0.9,image/webp,image/apng,*/*;q=0.8,application/signed-exchange;v=b3;q=0.9',
  'sec-fetch-user' => '?1',
  'user-agent' => 'Mozilla/5.0 (Windows NT 10.0; Win64; x64) AppleWebKit/537.36 (KHTML, like Gecko) Chrome/79.0.3945.130 Safari/537.36',
  'upgrade-insecure-requests' => '1',
  'cache-control' => 'max-age=0',
  'connection' => 'close',
  'host' => 'localhost',
)
[ info ] [ PARAM ] array (
)
[ info ] [ RUN ] app\index\controller\Index->index[ D:\phpstudy_pro\WWW\imooc_o2o.20170718\application\index\controller\Index.php ]
[ info ] [ LOG ] INIT File

---------------------------------------------------------------
[ 2020-02-27T22:12:44+08:00 ] ::1 ::1 GET /index.php/index/index/index
[ log ] localhost/index.php/index/index/index [运行时间：0.017346s][吞吐率：57.65req/s] [内存消耗：1,603.73kb] [文件加载：47]
[ info ] [ LANG ] D:\phpstudy_pro\WWW\imooc_o2o.20170718\thinkphp\lang\zh-cn.php
[ info ] [ ROUTE ] array (
  'type' => 'module',
  'module' => 
  array (
    0 => 'index',
    1 => 'index',
    2 => 'index',
  ),
)
[ info ] [ HEADER ] array (
  'cookie' => 'pgv_pvi=4017480704',
  'accept-language' => 'zh-TW,zh;q=0.9,en-US;q=0.8,en;q=0.7',
  'accept-encoding' => 'gzip, deflate, br',
  'sec-fetch-mode' => 'navigate',
  'sec-fetch-site' => 'none',
  'accept' => 'text/html,application/xhtml+xml,application/xml;q=0.9,image/webp,image/apng,*/*;q=0.8,application/signed-exchange;v=b3;q=0.9',
  'sec-fetch-user' => '?1',
  'user-agent' => 'Mozilla/5.0 (Windows NT 10.0; Win64; x64) AppleWebKit/537.36 (KHTML, like Gecko) Chrome/79.0.3945.130 Safari/537.36',
  'upgrade-insecure-requests' => '1',
  'cache-control' => 'max-age=0',
  'connection' => 'close',
  'host' => 'localhost',
)
[ info ] [ PARAM ] array (
)
[ info ] [ RUN ] app\index\controller\Index->index[ D:\phpstudy_pro\WWW\imooc_o2o.20170718\application\index\controller\Index.php ]
[ info ] [ LOG ] INIT File

---------------------------------------------------------------
[ 2020-02-27T22:13:46+08:00 ] ::1 ::1 GET /index.php/admin
[ log ] localhost/index.php/admin [运行时间：0.022669s][吞吐率：44.11req/s] [内存消耗：1,580.97kb] [文件加载：46]
[ info ] [ LANG ] D:\phpstudy_pro\WWW\imooc_o2o.20170718\thinkphp\lang\zh-cn.php
[ info ] [ ROUTE ] array (
  'type' => 'module',
  'module' => 
  array (
    0 => 'admin',
    1 => NULL,
    2 => NULL,
  ),
)
[ info ] [ HEADER ] array (
  'cookie' => 'pgv_pvi=4017480704',
  'accept-language' => 'zh-TW,zh;q=0.9,en-US;q=0.8,en;q=0.7',
  'accept-encoding' => 'gzip, deflate, br',
  'sec-fetch-mode' => 'navigate',
  'sec-fetch-site' => 'none',
  'accept' => 'text/html,application/xhtml+xml,application/xml;q=0.9,image/webp,image/apng,*/*;q=0.8,application/signed-exchange;v=b3;q=0.9',
  'sec-fetch-user' => '?1',
  'user-agent' => 'Mozilla/5.0 (Windows NT 10.0; Win64; x64) AppleWebKit/537.36 (KHTML, like Gecko) Chrome/79.0.3945.130 Safari/537.36',
  'upgrade-insecure-requests' => '1',
  'connection' => 'close',
  'host' => 'localhost',
)
[ info ] [ PARAM ] array (
)
[ info ] [ RUN ] app\admin\controller\Index->index[ D:\phpstudy_pro\WWW\imooc_o2o.20170718\application\admin\controller\Index.php ]
[ info ] [ VIEW ] D:\phpstudy_pro\WWW\imooc_o2o.20170718\public/../application/admin\view\index\index.html [ array (
) ]
[ info ] [ LOG ] INIT File

---------------------------------------------------------------
[ 2020-02-27T22:13:46+08:00 ] ::1 ::1 GET /index.php/admin/index/welcome.html
[ log ] localhost/index.php/admin/index/welcome.html [运行时间：0.015978s][吞吐率：62.59req/s] [内存消耗：1,317.41kb] [文件加载：42]
[ info ] [ LANG ] D:\phpstudy_pro\WWW\imooc_o2o.20170718\thinkphp\lang\zh-cn.php
[ info ] [ ROUTE ] array (
  'type' => 'module',
  'module' => 
  array (
    0 => 'admin',
    1 => 'index',
    2 => 'welcome',
  ),
)
[ info ] [ HEADER ] array (
  'cookie' => 'pgv_pvi=4017480704',
  'accept-language' => 'zh-TW,zh;q=0.9,en-US;q=0.8,en;q=0.7',
  'accept-encoding' => 'gzip, deflate, br',
  'referer' => 'http://localhost/index.php/admin',
  'sec-fetch-mode' => 'nested-navigate',
  'sec-fetch-site' => 'same-origin',
  'accept' => 'text/html,application/xhtml+xml,application/xml;q=0.9,image/webp,image/apng,*/*;q=0.8,application/signed-exchange;v=b3;q=0.9',
  'user-agent' => 'Mozilla/5.0 (Windows NT 10.0; Win64; x64) AppleWebKit/537.36 (KHTML, like Gecko) Chrome/79.0.3945.130 Safari/537.36',
  'upgrade-insecure-requests' => '1',
  'connection' => 'close',
  'host' => 'localhost',
)
[ info ] [ PARAM ] array (
)
[ info ] [ RUN ] app\admin\controller\Index->welcome[ D:\phpstudy_pro\WWW\imooc_o2o.20170718\application\admin\controller\Index.php ]
[ info ] [ LOG ] INIT File

---------------------------------------------------------------
[ 2020-02-27T22:14:39+08:00 ] ::1 ::1 GET /index.php/admin/category/index.html
[ log ] localhost/index.php/admin/category/index.html [运行时间：0.012284s][吞吐率：81.41req/s] [内存消耗：1,139.60kb] [文件加载：36]
[ info ] [ LANG ] D:\phpstudy_pro\WWW\imooc_o2o.20170718\thinkphp\lang\zh-cn.php
[ info ] [ ROUTE ] array (
  'type' => 'module',
  'module' => 
  array (
    0 => 'error',
    1 => '500',
    2 => NULL,
  ),
)
[ info ] [ HEADER ] array (
  'cookie' => 'pgv_pvi=4017480704',
  'accept-language' => 'zh-TW,zh;q=0.9,en-US;q=0.8,en;q=0.7',
  'accept-encoding' => 'gzip, deflate, br',
  'referer' => 'http://localhost/index.php/admin',
  'sec-fetch-mode' => 'nested-navigate',
  'sec-fetch-site' => 'same-origin',
  'accept' => 'text/html,application/xhtml+xml,application/xml;q=0.9,image/webp,image/apng,*/*;q=0.8,application/signed-exchange;v=b3;q=0.9',
  'user-agent' => 'Mozilla/5.0 (Windows NT 10.0; Win64; x64) AppleWebKit/537.36 (KHTML, like Gecko) Chrome/79.0.3945.130 Safari/537.36',
  'upgrade-insecure-requests' => '1',
  'connection' => 'close',
  'host' => 'localhost',
)
[ info ] [ PARAM ] array (
  '/error/500_html' => '',
)
[ info ] [ LOG ] INIT File

---------------------------------------------------------------
[ 2020-02-27T22:14:39+08:00 ] ::1 ::1 GET /index.php/admin/category/index.html
[ log ] localhost/index.php/admin/category/index.html [运行时间：0.010819s][吞吐率：92.43req/s] [内存消耗：1,139.91kb] [文件加载：36]
[ info ] [ LANG ] D:\phpstudy_pro\WWW\imooc_o2o.20170718\thinkphp\lang\zh-cn.php
[ info ] [ ROUTE ] array (
  'type' => 'module',
  'module' => 
  array (
    0 => 'error',
    1 => '500',
    2 => NULL,
  ),
)
[ info ] [ HEADER ] array (
  'cookie' => 'pgv_pvi=4017480704',
  'accept-language' => 'zh-TW,zh;q=0.9,en-US;q=0.8,en;q=0.7',
  'accept-encoding' => 'gzip, deflate, br',
  'referer' => 'http://localhost/index.php/admin',
  'sec-fetch-mode' => 'nested-navigate',
  'sec-fetch-site' => 'same-origin',
  'accept' => 'text/html,application/xhtml+xml,application/xml;q=0.9,image/webp,image/apng,*/*;q=0.8,application/signed-exchange;v=b3;q=0.9',
  'sec-fetch-user' => '?1',
  'user-agent' => 'Mozilla/5.0 (Windows NT 10.0; Win64; x64) AppleWebKit/537.36 (KHTML, like Gecko) Chrome/79.0.3945.130 Safari/537.36',
  'upgrade-insecure-requests' => '1',
  'connection' => 'close',
  'host' => 'localhost',
)
[ info ] [ PARAM ] array (
  '/error/500_html' => '',
)
[ info ] [ LOG ] INIT File

---------------------------------------------------------------
[ 2020-02-27T22:14:46+08:00 ] ::1 ::1 GET /index.php/admin/bis/apply.html
[ log ] localhost/index.php/admin/bis/apply.html [运行时间：0.011875s][吞吐率：84.21req/s] [内存消耗：1,139.55kb] [文件加载：36]
[ info ] [ LANG ] D:\phpstudy_pro\WWW\imooc_o2o.20170718\thinkphp\lang\zh-cn.php
[ info ] [ ROUTE ] array (
  'type' => 'module',
  'module' => 
  array (
    0 => 'error',
    1 => '500',
    2 => NULL,
  ),
)
[ info ] [ HEADER ] array (
  'cookie' => 'pgv_pvi=4017480704',
  'accept-language' => 'zh-TW,zh;q=0.9,en-US;q=0.8,en;q=0.7',
  'accept-encoding' => 'gzip, deflate, br',
  'referer' => 'http://localhost/index.php/admin',
  'sec-fetch-mode' => 'nested-navigate',
  'sec-fetch-site' => 'same-origin',
  'accept' => 'text/html,application/xhtml+xml,application/xml;q=0.9,image/webp,image/apng,*/*;q=0.8,application/signed-exchange;v=b3;q=0.9',
  'user-agent' => 'Mozilla/5.0 (Windows NT 10.0; Win64; x64) AppleWebKit/537.36 (KHTML, like Gecko) Chrome/79.0.3945.130 Safari/537.36',
  'upgrade-insecure-requests' => '1',
  'connection' => 'close',
  'host' => 'localhost',
)
[ info ] [ PARAM ] array (
  '/error/500_html' => '',
)
[ info ] [ LOG ] INIT File

---------------------------------------------------------------
[ 2020-02-27T22:14:50+08:00 ] ::1 ::1 GET /index.php/admin/bis/apply.html
[ log ] localhost/index.php/admin/bis/apply.html [运行时间：0.009031s][吞吐率：110.73req/s] [内存消耗：1,139.86kb] [文件加载：36]
[ info ] [ LANG ] D:\phpstudy_pro\WWW\imooc_o2o.20170718\thinkphp\lang\zh-cn.php
[ info ] [ ROUTE ] array (
  'type' => 'module',
  'module' => 
  array (
    0 => 'error',
    1 => '500',
    2 => NULL,
  ),
)
[ info ] [ HEADER ] array (
  'cookie' => 'pgv_pvi=4017480704',
  'accept-language' => 'zh-TW,zh;q=0.9,en-US;q=0.8,en;q=0.7',
  'accept-encoding' => 'gzip, deflate, br',
  'referer' => 'http://localhost/index.php/admin',
  'sec-fetch-mode' => 'nested-navigate',
  'sec-fetch-site' => 'same-origin',
  'accept' => 'text/html,application/xhtml+xml,application/xml;q=0.9,image/webp,image/apng,*/*;q=0.8,application/signed-exchange;v=b3;q=0.9',
  'sec-fetch-user' => '?1',
  'user-agent' => 'Mozilla/5.0 (Windows NT 10.0; Win64; x64) AppleWebKit/537.36 (KHTML, like Gecko) Chrome/79.0.3945.130 Safari/537.36',
  'upgrade-insecure-requests' => '1',
  'connection' => 'close',
  'host' => 'localhost',
)
[ info ] [ PARAM ] array (
  '/error/500_html' => '',
)
[ info ] [ LOG ] INIT File

---------------------------------------------------------------
[ 2020-02-27T22:21:03+08:00 ] ::1 ::1 GET /index.php/admin
[ log ] localhost/index.php/admin [运行时间：0.013249s][吞吐率：75.48req/s] [内存消耗：1,378.24kb] [文件加载：44]
[ info ] [ LANG ] D:\phpstudy_pro\WWW\imooc_o2o.20170718\thinkphp\lang\zh-cn.php
[ info ] [ ROUTE ] array (
  'type' => 'module',
  'module' => 
  array (
    0 => 'admin',
    1 => NULL,
    2 => NULL,
  ),
)
[ info ] [ HEADER ] array (
  'cookie' => 'pgv_pvi=4017480704',
  'accept-language' => 'zh-TW,zh;q=0.9,en-US;q=0.8,en;q=0.7',
  'accept-encoding' => 'gzip, deflate, br',
  'sec-fetch-mode' => 'navigate',
  'sec-fetch-site' => 'none',
  'accept' => 'text/html,application/xhtml+xml,application/xml;q=0.9,image/webp,image/apng,*/*;q=0.8,application/signed-exchange;v=b3;q=0.9',
  'sec-fetch-user' => '?1',
  'user-agent' => 'Mozilla/5.0 (Windows NT 10.0; Win64; x64) AppleWebKit/537.36 (KHTML, like Gecko) Chrome/79.0.3945.130 Safari/537.36',
  'upgrade-insecure-requests' => '1',
  'cache-control' => 'max-age=0',
  'connection' => 'close',
  'host' => 'localhost',
)
[ info ] [ PARAM ] array (
)
[ info ] [ RUN ] app\admin\controller\Index->index[ D:\phpstudy_pro\WWW\imooc_o2o.20170718\application\admin\controller\Index.php ]
[ info ] [ VIEW ] D:\phpstudy_pro\WWW\imooc_o2o.20170718\public/../application/admin\view\index\index.html [ array (
) ]
[ info ] [ LOG ] INIT File

---------------------------------------------------------------
[ 2020-02-27T22:21:03+08:00 ] ::1 ::1 GET /index.php/admin/index/welcome.html
[ log ] localhost/index.php/admin/index/welcome.html [运行时间：0.010796s][吞吐率：92.63req/s] [内存消耗：1,317.41kb] [文件加载：42]
[ info ] [ LANG ] D:\phpstudy_pro\WWW\imooc_o2o.20170718\thinkphp\lang\zh-cn.php
[ info ] [ ROUTE ] array (
  'type' => 'module',
  'module' => 
  array (
    0 => 'admin',
    1 => 'index',
    2 => 'welcome',
  ),
)
[ info ] [ HEADER ] array (
  'cookie' => 'pgv_pvi=4017480704',
  'accept-language' => 'zh-TW,zh;q=0.9,en-US;q=0.8,en;q=0.7',
  'accept-encoding' => 'gzip, deflate, br',
  'referer' => 'http://localhost/index.php/admin',
  'sec-fetch-mode' => 'nested-navigate',
  'sec-fetch-site' => 'same-origin',
  'accept' => 'text/html,application/xhtml+xml,application/xml;q=0.9,image/webp,image/apng,*/*;q=0.8,application/signed-exchange;v=b3;q=0.9',
  'user-agent' => 'Mozilla/5.0 (Windows NT 10.0; Win64; x64) AppleWebKit/537.36 (KHTML, like Gecko) Chrome/79.0.3945.130 Safari/537.36',
  'upgrade-insecure-requests' => '1',
  'connection' => 'close',
  'host' => 'localhost',
)
[ info ] [ PARAM ] array (
)
[ info ] [ RUN ] app\admin\controller\Index->welcome[ D:\phpstudy_pro\WWW\imooc_o2o.20170718\application\admin\controller\Index.php ]
[ info ] [ LOG ] INIT File

---------------------------------------------------------------
[ 2020-02-27T22:21:40+08:00 ] ::1 ::1 GET /index.php/index
[ log ] localhost/index.php/index [运行时间：0.013363s][吞吐率：74.83req/s] [内存消耗：1,603.33kb] [文件加载：47]
[ info ] [ LANG ] D:\phpstudy_pro\WWW\imooc_o2o.20170718\thinkphp\lang\zh-cn.php
[ info ] [ ROUTE ] array (
  'type' => 'module',
  'module' => 
  array (
    0 => 'index',
    1 => NULL,
    2 => NULL,
  ),
)
[ info ] [ HEADER ] array (
  'cookie' => 'pgv_pvi=4017480704',
  'accept-language' => 'zh-TW,zh;q=0.9,en-US;q=0.8,en;q=0.7',
  'accept-encoding' => 'gzip, deflate, br',
  'sec-fetch-mode' => 'navigate',
  'sec-fetch-site' => 'none',
  'accept' => 'text/html,application/xhtml+xml,application/xml;q=0.9,image/webp,image/apng,*/*;q=0.8,application/signed-exchange;v=b3;q=0.9',
  'sec-fetch-user' => '?1',
  'user-agent' => 'Mozilla/5.0 (Windows NT 10.0; Win64; x64) AppleWebKit/537.36 (KHTML, like Gecko) Chrome/79.0.3945.130 Safari/537.36',
  'upgrade-insecure-requests' => '1',
  'connection' => 'close',
  'host' => 'localhost',
)
[ info ] [ PARAM ] array (
)
[ info ] [ RUN ] app\index\controller\Index->index[ D:\phpstudy_pro\WWW\imooc_o2o.20170718\application\index\controller\Index.php ]
[ info ] [ LOG ] INIT File

---------------------------------------------------------------
[ 2020-02-27T22:21:51+08:00 ] ::1 ::1 GET /index.php/admin/index
[ log ] localhost/index.php/admin/index [运行时间：0.011574s][吞吐率：86.40req/s] [内存消耗：1,378.14kb] [文件加载：44]
[ info ] [ LANG ] D:\phpstudy_pro\WWW\imooc_o2o.20170718\thinkphp\lang\zh-cn.php
[ info ] [ ROUTE ] array (
  'type' => 'module',
  'module' => 
  array (
    0 => 'admin',
    1 => 'index',
    2 => NULL,
  ),
)
[ info ] [ HEADER ] array (
  'cookie' => 'pgv_pvi=4017480704',
  'accept-language' => 'zh-TW,zh;q=0.9,en-US;q=0.8,en;q=0.7',
  'accept-encoding' => 'gzip, deflate, br',
  'sec-fetch-mode' => 'navigate',
  'sec-fetch-site' => 'none',
  'accept' => 'text/html,application/xhtml+xml,application/xml;q=0.9,image/webp,image/apng,*/*;q=0.8,application/signed-exchange;v=b3;q=0.9',
  'sec-fetch-user' => '?1',
  'user-agent' => 'Mozilla/5.0 (Windows NT 10.0; Win64; x64) AppleWebKit/537.36 (KHTML, like Gecko) Chrome/79.0.3945.130 Safari/537.36',
  'upgrade-insecure-requests' => '1',
  'connection' => 'close',
  'host' => 'localhost',
)
[ info ] [ PARAM ] array (
)
[ info ] [ RUN ] app\admin\controller\Index->index[ D:\phpstudy_pro\WWW\imooc_o2o.20170718\application\admin\controller\Index.php ]
[ info ] [ VIEW ] D:\phpstudy_pro\WWW\imooc_o2o.20170718\public/../application/admin\view\index\index.html [ array (
) ]
[ info ] [ LOG ] INIT File

---------------------------------------------------------------
[ 2020-02-27T22:21:51+08:00 ] ::1 ::1 GET /index.php/admin/index/welcome.html
[ log ] localhost/index.php/admin/index/welcome.html [运行时间：0.012936s][吞吐率：77.30req/s] [内存消耗：1,317.41kb] [文件加载：42]
[ info ] [ LANG ] D:\phpstudy_pro\WWW\imooc_o2o.20170718\thinkphp\lang\zh-cn.php
[ info ] [ ROUTE ] array (
  'type' => 'module',
  'module' => 
  array (
    0 => 'admin',
    1 => 'index',
    2 => 'welcome',
  ),
)
[ info ] [ HEADER ] array (
  'cookie' => 'pgv_pvi=4017480704',
  'accept-language' => 'zh-TW,zh;q=0.9,en-US;q=0.8,en;q=0.7',
  'accept-encoding' => 'gzip, deflate, br',
  'referer' => 'http://localhost/index.php/admin/index',
  'sec-fetch-mode' => 'nested-navigate',
  'sec-fetch-site' => 'same-origin',
  'accept' => 'text/html,application/xhtml+xml,application/xml;q=0.9,image/webp,image/apng,*/*;q=0.8,application/signed-exchange;v=b3;q=0.9',
  'user-agent' => 'Mozilla/5.0 (Windows NT 10.0; Win64; x64) AppleWebKit/537.36 (KHTML, like Gecko) Chrome/79.0.3945.130 Safari/537.36',
  'upgrade-insecure-requests' => '1',
  'connection' => 'close',
  'host' => 'localhost',
)
[ info ] [ PARAM ] array (
)
[ info ] [ RUN ] app\admin\controller\Index->welcome[ D:\phpstudy_pro\WWW\imooc_o2o.20170718\application\admin\controller\Index.php ]
[ info ] [ LOG ] INIT File

---------------------------------------------------------------
[ 2020-02-27T22:29:36+08:00 ] ::1 ::1 GET /index.php/admin
[ log ] localhost/index.php/admin [运行时间：0.013278s][吞吐率：75.31req/s] [内存消耗：1,378.04kb] [文件加载：44]
[ info ] [ LANG ] D:\phpstudy_pro\WWW\imooc_o2o.20170718\thinkphp\lang\zh-cn.php
[ info ] [ ROUTE ] array (
  'type' => 'module',
  'module' => 
  array (
    0 => 'admin',
    1 => NULL,
    2 => NULL,
  ),
)
[ info ] [ HEADER ] array (
  'cookie' => 'pgv_pvi=4017480704',
  'accept-language' => 'zh-TW,zh;q=0.9,en-US;q=0.8,en;q=0.7',
  'accept-encoding' => 'gzip, deflate, br',
  'sec-fetch-mode' => 'navigate',
  'sec-fetch-site' => 'none',
  'accept' => 'text/html,application/xhtml+xml,application/xml;q=0.9,image/webp,image/apng,*/*;q=0.8,application/signed-exchange;v=b3;q=0.9',
  'sec-fetch-user' => '?1',
  'user-agent' => 'Mozilla/5.0 (Windows NT 10.0; Win64; x64) AppleWebKit/537.36 (KHTML, like Gecko) Chrome/79.0.3945.130 Safari/537.36',
  'upgrade-insecure-requests' => '1',
  'connection' => 'close',
  'host' => 'localhost',
)
[ info ] [ PARAM ] array (
)
[ info ] [ RUN ] app\admin\controller\Index->index[ D:\phpstudy_pro\WWW\imooc_o2o.20170718\application\admin\controller\Index.php ]
[ info ] [ VIEW ] D:\phpstudy_pro\WWW\imooc_o2o.20170718\public/../application/admin\view\index\index.html [ array (
) ]
[ info ] [ LOG ] INIT File

---------------------------------------------------------------
[ 2020-02-27T22:29:36+08:00 ] ::1 ::1 GET /index.php/admin/index/welcome.html
[ log ] localhost/index.php/admin/index/welcome.html [运行时间：0.012236s][吞吐率：81.73req/s] [内存消耗：1,317.41kb] [文件加载：42]
[ info ] [ LANG ] D:\phpstudy_pro\WWW\imooc_o2o.20170718\thinkphp\lang\zh-cn.php
[ info ] [ ROUTE ] array (
  'type' => 'module',
  'module' => 
  array (
    0 => 'admin',
    1 => 'index',
    2 => 'welcome',
  ),
)
[ info ] [ HEADER ] array (
  'cookie' => 'pgv_pvi=4017480704',
  'accept-language' => 'zh-TW,zh;q=0.9,en-US;q=0.8,en;q=0.7',
  'accept-encoding' => 'gzip, deflate, br',
  'referer' => 'http://localhost/index.php/admin',
  'sec-fetch-mode' => 'nested-navigate',
  'sec-fetch-site' => 'same-origin',
  'accept' => 'text/html,application/xhtml+xml,application/xml;q=0.9,image/webp,image/apng,*/*;q=0.8,application/signed-exchange;v=b3;q=0.9',
  'user-agent' => 'Mozilla/5.0 (Windows NT 10.0; Win64; x64) AppleWebKit/537.36 (KHTML, like Gecko) Chrome/79.0.3945.130 Safari/537.36',
  'upgrade-insecure-requests' => '1',
  'connection' => 'close',
  'host' => 'localhost',
)
[ info ] [ PARAM ] array (
)
[ info ] [ RUN ] app\admin\controller\Index->welcome[ D:\phpstudy_pro\WWW\imooc_o2o.20170718\application\admin\controller\Index.php ]
[ info ] [ LOG ] INIT File

---------------------------------------------------------------
[ 2020-02-27T23:21:14+08:00 ] ::1 ::1 GET /index.php/admin
[ log ] localhost/index.php/admin [运行时间：0.013652s][吞吐率：73.25req/s] [内存消耗：1,378.24kb] [文件加载：44]
[ info ] [ LANG ] D:\phpstudy_pro\WWW\imooc_o2o.20170718\thinkphp\lang\zh-cn.php
[ info ] [ ROUTE ] array (
  'type' => 'module',
  'module' => 
  array (
    0 => 'admin',
    1 => NULL,
    2 => NULL,
  ),
)
[ info ] [ HEADER ] array (
  'cookie' => 'pgv_pvi=4017480704',
  'accept-language' => 'zh-TW,zh;q=0.9,en-US;q=0.8,en;q=0.7',
  'accept-encoding' => 'gzip, deflate, br',
  'sec-fetch-mode' => 'navigate',
  'sec-fetch-site' => 'none',
  'accept' => 'text/html,application/xhtml+xml,application/xml;q=0.9,image/webp,image/apng,*/*;q=0.8,application/signed-exchange;v=b3;q=0.9',
  'sec-fetch-user' => '?1',
  'user-agent' => 'Mozilla/5.0 (Windows NT 10.0; Win64; x64) AppleWebKit/537.36 (KHTML, like Gecko) Chrome/79.0.3945.130 Safari/537.36',
  'upgrade-insecure-requests' => '1',
  'cache-control' => 'max-age=0',
  'connection' => 'close',
  'host' => 'localhost',
)
[ info ] [ PARAM ] array (
)
[ info ] [ RUN ] app\admin\controller\Index->index[ D:\phpstudy_pro\WWW\imooc_o2o.20170718\application\admin\controller\Index.php ]
[ info ] [ VIEW ] D:\phpstudy_pro\WWW\imooc_o2o.20170718\public/../application/admin\view\index\index.html [ array (
) ]
[ info ] [ LOG ] INIT File

---------------------------------------------------------------
[ 2020-02-27T23:21:14+08:00 ] ::1 ::1 GET /index.php/admin/index/welcome.html
[ log ] localhost/index.php/admin/index/welcome.html [运行时间：0.010963s][吞吐率：91.21req/s] [内存消耗：1,317.41kb] [文件加载：42]
[ info ] [ LANG ] D:\phpstudy_pro\WWW\imooc_o2o.20170718\thinkphp\lang\zh-cn.php
[ info ] [ ROUTE ] array (
  'type' => 'module',
  'module' => 
  array (
    0 => 'admin',
    1 => 'index',
    2 => 'welcome',
  ),
)
[ info ] [ HEADER ] array (
  'cookie' => 'pgv_pvi=4017480704',
  'accept-language' => 'zh-TW,zh;q=0.9,en-US;q=0.8,en;q=0.7',
  'accept-encoding' => 'gzip, deflate, br',
  'referer' => 'http://localhost/index.php/admin',
  'sec-fetch-mode' => 'nested-navigate',
  'sec-fetch-site' => 'same-origin',
  'accept' => 'text/html,application/xhtml+xml,application/xml;q=0.9,image/webp,image/apng,*/*;q=0.8,application/signed-exchange;v=b3;q=0.9',
  'user-agent' => 'Mozilla/5.0 (Windows NT 10.0; Win64; x64) AppleWebKit/537.36 (KHTML, like Gecko) Chrome/79.0.3945.130 Safari/537.36',
  'upgrade-insecure-requests' => '1',
  'connection' => 'close',
  'host' => 'localhost',
)
[ info ] [ PARAM ] array (
)
[ info ] [ RUN ] app\admin\controller\Index->welcome[ D:\phpstudy_pro\WWW\imooc_o2o.20170718\application\admin\controller\Index.php ]
[ info ] [ LOG ] INIT File

---------------------------------------------------------------
[ 2020-02-27T23:21:49+08:00 ] ::1 ::1 GET /index.php/admin/category/index.html
[ log ] localhost/index.php/admin/category/index.html [运行时间：0.011075s][吞吐率：90.29req/s] [内存消耗：1,139.60kb] [文件加载：36]
[ info ] [ LANG ] D:\phpstudy_pro\WWW\imooc_o2o.20170718\thinkphp\lang\zh-cn.php
[ info ] [ ROUTE ] array (
  'type' => 'module',
  'module' => 
  array (
    0 => 'error',
    1 => '500',
    2 => NULL,
  ),
)
[ info ] [ HEADER ] array (
  'cookie' => 'pgv_pvi=4017480704',
  'accept-language' => 'zh-TW,zh;q=0.9,en-US;q=0.8,en;q=0.7',
  'accept-encoding' => 'gzip, deflate, br',
  'referer' => 'http://localhost/index.php/admin',
  'sec-fetch-mode' => 'nested-navigate',
  'sec-fetch-site' => 'same-origin',
  'accept' => 'text/html,application/xhtml+xml,application/xml;q=0.9,image/webp,image/apng,*/*;q=0.8,application/signed-exchange;v=b3;q=0.9',
  'user-agent' => 'Mozilla/5.0 (Windows NT 10.0; Win64; x64) AppleWebKit/537.36 (KHTML, like Gecko) Chrome/79.0.3945.130 Safari/537.36',
  'upgrade-insecure-requests' => '1',
  'connection' => 'close',
  'host' => 'localhost',
)
[ info ] [ PARAM ] array (
  '/error/500_html' => '',
)
[ info ] [ LOG ] INIT File

---------------------------------------------------------------
[ 2020-02-27T23:21:57+08:00 ] ::1 ::1 GET /index.php/admin/category/index.html
[ log ] localhost/index.php/admin/category/index.html [运行时间：0.010947s][吞吐率：91.35req/s] [内存消耗：1,139.60kb] [文件加载：36]
[ info ] [ LANG ] D:\phpstudy_pro\WWW\imooc_o2o.20170718\thinkphp\lang\zh-cn.php
[ info ] [ ROUTE ] array (
  'type' => 'module',
  'module' => 
  array (
    0 => 'error',
    1 => '500',
    2 => NULL,
  ),
)
[ info ] [ HEADER ] array (
  'cookie' => 'pgv_pvi=4017480704',
  'accept-language' => 'zh-TW,zh;q=0.9,en-US;q=0.8,en;q=0.7',
  'accept-encoding' => 'gzip, deflate, br',
  'referer' => 'http://localhost/index.php/admin',
  'sec-fetch-mode' => 'nested-navigate',
  'sec-fetch-site' => 'same-origin',
  'accept' => 'text/html,application/xhtml+xml,application/xml;q=0.9,image/webp,image/apng,*/*;q=0.8,application/signed-exchange;v=b3;q=0.9',
  'user-agent' => 'Mozilla/5.0 (Windows NT 10.0; Win64; x64) AppleWebKit/537.36 (KHTML, like Gecko) Chrome/79.0.3945.130 Safari/537.36',
  'upgrade-insecure-requests' => '1',
  'connection' => 'close',
  'host' => 'localhost',
)
[ info ] [ PARAM ] array (
  '/error/500_html' => '',
)
[ info ] [ LOG ] INIT File

---------------------------------------------------------------
[ 2020-02-27T23:22:38+08:00 ] ::1 ::1 GET /index.php/admin
[ log ] localhost/index.php/admin [运行时间：0.017838s][吞吐率：56.06req/s] [内存消耗：1,378.24kb] [文件加载：44]
[ info ] [ LANG ] D:\phpstudy_pro\WWW\imooc_o2o.20170718\thinkphp\lang\zh-cn.php
[ info ] [ ROUTE ] array (
  'type' => 'module',
  'module' => 
  array (
    0 => 'admin',
    1 => NULL,
    2 => NULL,
  ),
)
[ info ] [ HEADER ] array (
  'cookie' => 'pgv_pvi=4017480704',
  'accept-language' => 'zh-TW,zh;q=0.9,en-US;q=0.8,en;q=0.7',
  'accept-encoding' => 'gzip, deflate, br',
  'sec-fetch-mode' => 'navigate',
  'sec-fetch-site' => 'none',
  'accept' => 'text/html,application/xhtml+xml,application/xml;q=0.9,image/webp,image/apng,*/*;q=0.8,application/signed-exchange;v=b3;q=0.9',
  'sec-fetch-user' => '?1',
  'user-agent' => 'Mozilla/5.0 (Windows NT 10.0; Win64; x64) AppleWebKit/537.36 (KHTML, like Gecko) Chrome/79.0.3945.130 Safari/537.36',
  'upgrade-insecure-requests' => '1',
  'cache-control' => 'max-age=0',
  'connection' => 'close',
  'host' => 'localhost',
)
[ info ] [ PARAM ] array (
)
[ info ] [ RUN ] app\admin\controller\Index->index[ D:\phpstudy_pro\WWW\imooc_o2o.20170718\application\admin\controller\Index.php ]
[ info ] [ VIEW ] D:\phpstudy_pro\WWW\imooc_o2o.20170718\public/../application/admin\view\index\index.html [ array (
) ]
[ info ] [ LOG ] INIT File

---------------------------------------------------------------
[ 2020-02-27T23:22:38+08:00 ] ::1 ::1 GET /index.php/admin/index/welcome.html
[ log ] localhost/index.php/admin/index/welcome.html [运行时间：0.013166s][吞吐率：75.95req/s] [内存消耗：1,317.41kb] [文件加载：42]
[ info ] [ LANG ] D:\phpstudy_pro\WWW\imooc_o2o.20170718\thinkphp\lang\zh-cn.php
[ info ] [ ROUTE ] array (
  'type' => 'module',
  'module' => 
  array (
    0 => 'admin',
    1 => 'index',
    2 => 'welcome',
  ),
)
[ info ] [ HEADER ] array (
  'cookie' => 'pgv_pvi=4017480704',
  'accept-language' => 'zh-TW,zh;q=0.9,en-US;q=0.8,en;q=0.7',
  'accept-encoding' => 'gzip, deflate, br',
  'referer' => 'http://localhost/index.php/admin',
  'sec-fetch-mode' => 'nested-navigate',
  'sec-fetch-site' => 'same-origin',
  'accept' => 'text/html,application/xhtml+xml,application/xml;q=0.9,image/webp,image/apng,*/*;q=0.8,application/signed-exchange;v=b3;q=0.9',
  'user-agent' => 'Mozilla/5.0 (Windows NT 10.0; Win64; x64) AppleWebKit/537.36 (KHTML, like Gecko) Chrome/79.0.3945.130 Safari/537.36',
  'upgrade-insecure-requests' => '1',
  'connection' => 'close',
  'host' => 'localhost',
)
[ info ] [ PARAM ] array (
)
[ info ] [ RUN ] app\admin\controller\Index->welcome[ D:\phpstudy_pro\WWW\imooc_o2o.20170718\application\admin\controller\Index.php ]
[ info ] [ LOG ] INIT File

---------------------------------------------------------------
[ 2020-02-27T23:23:23+08:00 ] ::1 ::1 GET /index.php/admin/category/index.html
[ log ] localhost/index.php/admin/category/index.html [运行时间：0.009563s][吞吐率：104.57req/s] [内存消耗：1,139.60kb] [文件加载：36]
[ info ] [ LANG ] D:\phpstudy_pro\WWW\imooc_o2o.20170718\thinkphp\lang\zh-cn.php
[ info ] [ ROUTE ] array (
  'type' => 'module',
  'module' => 
  array (
    0 => 'error',
    1 => '500',
    2 => NULL,
  ),
)
[ info ] [ HEADER ] array (
  'cookie' => 'pgv_pvi=4017480704',
  'accept-language' => 'zh-TW,zh;q=0.9,en-US;q=0.8,en;q=0.7',
  'accept-encoding' => 'gzip, deflate, br',
  'referer' => 'http://localhost/index.php/admin',
  'sec-fetch-mode' => 'nested-navigate',
  'sec-fetch-site' => 'same-origin',
  'accept' => 'text/html,application/xhtml+xml,application/xml;q=0.9,image/webp,image/apng,*/*;q=0.8,application/signed-exchange;v=b3;q=0.9',
  'user-agent' => 'Mozilla/5.0 (Windows NT 10.0; Win64; x64) AppleWebKit/537.36 (KHTML, like Gecko) Chrome/79.0.3945.130 Safari/537.36',
  'upgrade-insecure-requests' => '1',
  'connection' => 'close',
  'host' => 'localhost',
)
[ info ] [ PARAM ] array (
  '/error/500_html' => '',
)
[ info ] [ LOG ] INIT File

---------------------------------------------------------------
[ 2020-02-27T23:23:43+08:00 ] ::1 ::1 GET /index.php/admin/category/index
[ log ] localhost/index.php/admin/category/index [运行时间：0.027062s][吞吐率：36.95req/s] [内存消耗：1,139.38kb] [文件加载：36]
[ info ] [ LANG ] D:\phpstudy_pro\WWW\imooc_o2o.20170718\thinkphp\lang\zh-cn.php
[ info ] [ ROUTE ] array (
  'type' => 'module',
  'module' => 
  array (
    0 => 'error',
    1 => '500',
    2 => NULL,
  ),
)
[ info ] [ HEADER ] array (
  'cookie' => 'pgv_pvi=4017480704',
  'accept-language' => 'zh-TW,zh;q=0.9,en-US;q=0.8,en;q=0.7',
  'accept-encoding' => 'gzip, deflate, br',
  'sec-fetch-mode' => 'navigate',
  'sec-fetch-site' => 'none',
  'accept' => 'text/html,application/xhtml+xml,application/xml;q=0.9,image/webp,image/apng,*/*;q=0.8,application/signed-exchange;v=b3;q=0.9',
  'sec-fetch-user' => '?1',
  'user-agent' => 'Mozilla/5.0 (Windows NT 10.0; Win64; x64) AppleWebKit/537.36 (KHTML, like Gecko) Chrome/79.0.3945.130 Safari/537.36',
  'upgrade-insecure-requests' => '1',
  'connection' => 'close',
  'host' => 'localhost',
)
[ info ] [ PARAM ] array (
  '/error/500_html' => '',
)
[ info ] [ LOG ] INIT File

---------------------------------------------------------------
[ 2020-02-27T23:23:46+08:00 ] ::1 ::1 GET /index.php/admin/category/index
[ log ] localhost/index.php/admin/category/index [运行时间：0.024644s][吞吐率：40.58req/s] [内存消耗：1,139.38kb] [文件加载：36]
[ info ] [ LANG ] D:\phpstudy_pro\WWW\imooc_o2o.20170718\thinkphp\lang\zh-cn.php
[ info ] [ ROUTE ] array (
  'type' => 'module',
  'module' => 
  array (
    0 => 'error',
    1 => '500',
    2 => NULL,
  ),
)
[ info ] [ HEADER ] array (
  'cookie' => 'pgv_pvi=4017480704',
  'accept-language' => 'zh-TW,zh;q=0.9,en-US;q=0.8,en;q=0.7',
  'accept-encoding' => 'gzip, deflate, br',
  'sec-fetch-mode' => 'navigate',
  'sec-fetch-site' => 'none',
  'accept' => 'text/html,application/xhtml+xml,application/xml;q=0.9,image/webp,image/apng,*/*;q=0.8,application/signed-exchange;v=b3;q=0.9',
  'sec-fetch-user' => '?1',
  'user-agent' => 'Mozilla/5.0 (Windows NT 10.0; Win64; x64) AppleWebKit/537.36 (KHTML, like Gecko) Chrome/79.0.3945.130 Safari/537.36',
  'upgrade-insecure-requests' => '1',
  'connection' => 'close',
  'host' => 'localhost',
)
[ info ] [ PARAM ] array (
  '/error/500_html' => '',
)
[ info ] [ LOG ] INIT File

---------------------------------------------------------------
[ 2020-02-27T23:28:47+08:00 ] ::1 ::1 GET /index.php/admin/category/index
[ log ] localhost/index.php/admin/category/index [运行时间：0.011667s][吞吐率：85.71req/s] [内存消耗：1,139.73kb] [文件加载：36]
[ info ] [ LANG ] D:\phpstudy_pro\WWW\imooc_o2o.20170718\thinkphp\lang\zh-cn.php
[ info ] [ ROUTE ] array (
  'type' => 'module',
  'module' => 
  array (
    0 => 'error',
    1 => '500',
    2 => NULL,
  ),
)
[ info ] [ HEADER ] array (
  'cookie' => 'pgv_pvi=4017480704',
  'accept-language' => 'zh-TW,zh;q=0.9,en-US;q=0.8,en;q=0.7',
  'accept-encoding' => 'gzip, deflate, br',
  'sec-fetch-mode' => 'navigate',
  'sec-fetch-site' => 'none',
  'accept' => 'text/html,application/xhtml+xml,application/xml;q=0.9,image/webp,image/apng,*/*;q=0.8,application/signed-exchange;v=b3;q=0.9',
  'sec-fetch-user' => '?1',
  'user-agent' => 'Mozilla/5.0 (Windows NT 10.0; Win64; x64) AppleWebKit/537.36 (KHTML, like Gecko) Chrome/79.0.3945.130 Safari/537.36',
  'upgrade-insecure-requests' => '1',
  'cache-control' => 'max-age=0',
  'connection' => 'close',
  'host' => 'localhost',
)
[ info ] [ PARAM ] array (
  '/error/500_html' => '',
)
[ info ] [ LOG ] INIT File

---------------------------------------------------------------
